Has entrado a captura: 2023-05-18 13:30:56
Has entrado a captura: 2023-05-18 13:35:22
Has entrado a captura: 2023-05-18 13:36:40
Has entrado a captura: 2023-05-18 13:37:21
Has entrado a captura: 2023-05-18 13:54:11
Has entrado a captura: 2023-05-18 14:17:56
Has entrado a captura: 2023-05-18 16:30:51
Has entrado a captura: 2023-05-18 16:31:27
Has entrado a captura: 2023-05-18 23:31:42
Has entrado a captura: 2023-05-18 23:33:12
Has entrado a captura: 2023-05-19 16:46:02
Has entrado a captura: 2023-05-19 17:10:19
Has entrado a captura: 2023-05-19 17:49:49
Has entrado a captura: 2023-05-19 17:53:49
Has entrado a captura: 2023-05-19 17:55:52
Has entrado a captura: 2023-05-19 18:01:09
Has entrado a captura: 2023-05-19 18:02:16
Has entrado a captura: 2023-05-19 18:05:33
Has entrado a captura: 2023-05-19 18:06:13
Has entrado a captura: 2023-05-19 18:06:42
Has entrado a captura: 2023-05-19 18:07:12
Has entrado a captura: 2023-05-19 18:09:27
Has entrado a captura: 2023-05-19 18:34:06
Has entrado a captura: 2023-05-19 18:36:03
Has entrado a captura: 2023-05-19 21:23:42
Has entrado a captura: 2023-05-19 21:39:29
Has entrado a captura: 2023-05-19 23:24:06
Has entrado a captura: 2023-05-19 23:27:48
Has entrado a captura: 2023-05-19 23:27:49
Has entrado a captura: 2023-05-19 23:27:49
Has entrado a captura: 2023-05-19 23:27:49
Has entrado a captura: 2023-05-19 23:27:50
Has entrado a captura: 2023-05-19 23:27:53
Has entrado a captura: 2023-05-19 23:27:53
Has entrado a captura: 2023-05-19 23:28:46
Has entrado a captura: 2023-05-19 23:28:47
Has entrado a captura: 2023-05-19 23:28:47
Has entrado a captura: 2023-05-19 23:28:50
Has entrado a captura: 2023-05-19 23:28:51
Has entrado a captura: 2023-05-19 23:28:51
Has entrado a captura a: java.text.SimpleDateFormat@cb721960 2023-05-19 23:31:23
Has buscado un Pokemon a: java.text.SimpleDateFormat@cb721960 2023-05-19 23:31:24
Has buscado un Pokemon a: java.text.SimpleDateFormat@cb721960 2023-05-19 23:31:24
Has buscado un Pokemon a: java.text.SimpleDateFormat@cb721960 2023-05-19 23:31:24
Has buscado un Pokemon a: java.text.SimpleDateFormat@cb721960 2023-05-19 23:31:24
Has entrado a captura a: java.text.SimpleDateFormat@cb721960 2023-05-19 23:34:40
Has buscado un Pokemon a: java.text.SimpleDateFormat@cb721960 2023-05-19 23:34:41
Has lanzado una Pokeball a las: java.text.SimpleDateFormat@cb721960 2023-05-19 23:34:41
Has lanzado una Pokeball a las: java.text.SimpleDateFormat@cb721960 2023-05-19 23:34:42
Has capturado un Pokemon: java.text.SimpleDateFormat@cb721960 2023-05-19 23:34:42
Has guardado un mote a tu pokemon: java.text.SimpleDateFormat@cb721960 2023-05-19 23:34:43
Has vuelto al menú: java.text.SimpleDateFormat@cb721960 2023-05-19 23:34:43
Has entrado a captura a: java.text.SimpleDateFormat@cb721960 2023-05-19 23:37:57
Has buscado un Pokemon a: java.text.SimpleDateFormat@cb721960 2023-05-19 23:37:57
Has buscado un Pokemon a: java.text.SimpleDateFormat@cb721960 2023-05-19 23:37:57
Has lanzado una Pokeball a las: java.text.SimpleDateFormat@cb721960 2023-05-19 23:37:58
Has capturado un Pokemon: java.text.SimpleDateFormat@cb721960 2023-05-19 23:37:58
Has guardado un mote a tu pokemon: java.text.SimpleDateFormat@cb721960 2023-05-19 23:37:59
Has buscado un Pokemon a: java.text.SimpleDateFormat@cb721960 2023-05-19 23:38:00
Has vuelto al menú: java.text.SimpleDateFormat@cb721960 2023-05-19 23:38:01
Has entrado a captura a: java.text.SimpleDateFormat@cb721960 2023-05-19 23:40:57
Has buscado un Pokemon a: java.text.SimpleDateFormat@cb721960 2023-05-19 23:40:58
Has buscado un Pokemon a: java.text.SimpleDateFormat@cb721960 2023-05-19 23:40:58
Has buscado un Pokemon a: java.text.SimpleDateFormat@cb721960 2023-05-19 23:40:58
Has lanzado una Pokeball a las: java.text.SimpleDateFormat@cb721960 2023-05-19 23:40:58
Has lanzado una Pokeball a las: java.text.SimpleDateFormat@cb721960 2023-05-19 23:40:59
Has capturado un Pokemon: java.text.SimpleDateFormat@cb721960 2023-05-19 23:40:59
Has guardado un mote a tu pokemon: java.text.SimpleDateFormat@cb721960 2023-05-19 23:41:00
Has vuelto al menú: java.text.SimpleDateFormat@cb721960 2023-05-19 23:41:02
Has entrado a captura a: java.text.SimpleDateFormat@cb721960 2023-05-19 23:43:08
Has buscado un Pokemon a: java.text.SimpleDateFormat@cb721960 2023-05-19 23:43:09
Has buscado un Pokemon a: java.text.SimpleDateFormat@cb721960 2023-05-19 23:43:09
Has buscado un Pokemon a: java.text.SimpleDateFormat@cb721960 2023-05-19 23:43:09
Has buscado un Pokemon a: java.text.SimpleDateFormat@cb721960 2023-05-19 23:43:09
Has buscado un Pokemon a: java.text.SimpleDateFormat@cb721960 2023-05-19 23:43:09
Has lanzado una Pokeball a las: java.text.SimpleDateFormat@cb721960 2023-05-19 23:43:10
Has lanzado una Pokeball a las: java.text.SimpleDateFormat@cb721960 2023-05-19 23:43:11
Has capturado un Pokemon: java.text.SimpleDateFormat@cb721960 2023-05-19 23:43:11
Has guardado un mote a tu pokemon: java.text.SimpleDateFormat@cb721960 2023-05-19 23:43:15
Has vuelto al menú: java.text.SimpleDateFormat@cb721960 2023-05-19 23:43:16
Has entrado a captura a: java.text.SimpleDateFormat@cb721960 2023-05-19 23:49:28
Has vuelto al menú: java.text.SimpleDateFormat@cb721960 2023-05-19 23:49:29
Has entrado a captura a: java.text.SimpleDateFormat@cb721960 2023-05-19 23:52:56
Has buscado un Pokemon a: java.text.SimpleDateFormat@cb721960 2023-05-19 23:52:57
Has buscado un Pokemon a: java.text.SimpleDateFormat@cb721960 2023-05-19 23:52:57
Has lanzado una Pokeball a las: java.text.SimpleDateFormat@cb721960 2023-05-19 23:52:57
Has capturado un Pokemon: java.text.SimpleDateFormat@cb721960 2023-05-19 23:52:57
Has guardado un mote a tu pokemon: java.text.SimpleDateFormat@cb721960 2023-05-19 23:52:59
Has vuelto al menú: java.text.SimpleDateFormat@cb721960 2023-05-19 23:53:00
Has entrado a captura a: java.text.SimpleDateFormat@cb721960 2023-05-19 23:53:53
Has buscado un Pokemon a: java.text.SimpleDateFormat@cb721960 2023-05-19 23:53:54
Has buscado un Pokemon a: java.text.SimpleDateFeDateFormat@cb721960 2023-05-19 23:53:54
Has capturado un Pokemon: java.text.SimpleDateFormat@cb721960 2023-05-19 23:53:54
Has lanzado una Pokeball a las: java.text.Simplormat@cb721960 2023-05-19 23:53:54
Has guardado un mote a tu pokemon: java.text.SimpleDateFormat@cb721960 2023-05-19 23:53:56
Has vuelto al menú: java.text.SimpleDateFormat@cb721960 2023-05-19 23:53:57
Has entrado a captura a: java.text.SimpleDateFormat@cb721960 2023-05-20 00:06:39
Has buscado un Pokemon a: java.text.SimpleDateFormat@cb721960 2023-05-20 00:06:40
Has buscado un Pokemon a: java.text.SimpleDateFormat@cb721960 2023-05-20 00:06:40
Has lanzado una Pokeball a las: java.text.SimpleDateFormat@cb721960 2023-05-20 00:06:40
Has capturado un Pokemon: java.text.SimpleDateFormat@cb721960 2023-05-20 00:06:40
Has guardado un mote a tu pokemon: java.text.SimpleDateFormat@cb721960 2023-05-20 00:06:42
Has vuelto al menú: java.text.SimpleDateFormat@cb721960 2023-05-20 00:06:43
Has entrado a captura a: java.text.SimpleDateFormat@cb721960 2023-05-20 00:57:13
Has buscado un Pokemon a: java.text.SimpleDateFormat@cb721960 2023-05-20 00:57:13
Has buscado un Pokemon a: java.text.SimpleDateFormat@cb721960 2023-05-20 00:57:14
Has lanzado una Pokeball a las: java.text.SimpleDateFormat@cb721960 2023-05-20 00:57:14
Has capturado un Pokemon: java.text.SimpleDateFormat@cb721960 2023-05-20 00:57:14
Has guardado un mote a tu pokemon: java.text.SimpleDateFormat@cb721960 2023-05-20 00:57:15
Has buscado un Pokemon a: java.text.SimpleDateFormat@cb721960 2023-05-20 00:57:19
Has lanzado una Pokeball a las: java.text.SimpleDateFormat@cb721960 2023-05-20 00:57:19
Has capturado un Pokemon: java.text.SimpleDateFormat@cb721960 2023-05-20 00:57:19
Has guardado un mote a tu pokemon: java.text.SimpleDateFormat@cb721960 2023-05-20 00:57:20
Has buscado un Pokemon a: java.text.SimpleDateFormat@cb721960 2023-05-20 00:57:21
Has lanzado una Pokeball a las: java.text.SimpleDateFormat@cb721960 2023-05-20 00:57:22
Has capturado un Pokemon: java.text.SimpleDateFormat@cb721960 2023-05-20 00:57:22
Has buscado un Pokemon a: java.text.SimpleDateFormat@cb721960 2023-05-20 00:57:22
Has lanzado una Pokeball a las: java.text.SimpleDateFormat@cb721960 2023-05-20 00:57:23
Has capturado un Pokemon: java.text.SimpleDateFormat@cb721960 2023-05-20 00:57:23
Has buscado un Pokemon a: java.text.SimpleDateFormat@cb721960 2023-05-20 00:57:25
Has buscado un Pokemon a: java.text.SimpleDateFormat@cb721960 2023-05-20 00:57:26
Has lanzado una Pokeball a las: java.text.SimpleDateFormat@cb721960 2023-05-20 00:57:27
Has capturado un Pokemon: java.text.SimpleDateFormat@cb721960 2023-05-20 00:57:27
Has guardado un mote a tu pokemon: java.text.SimpleDateFormat@cb721960 2023-05-20 00:57:28
Has buscado un Pokemon a: java.text.SimpleDateFormat@cb721960 2023-05-20 00:57:28
Has entrado a captura a: java.text.SimpleDateFormat@cb721960 2023-05-20 00:59:10
Has buscado un Pokemon a: java.text.SimpleDateFormat@cb721960 2023-05-20 00:59:11
Has buscado un Pokemon a: java.text.SimpleDateFormat@cb721960 2023-05-20 00:59:11
Has lanzado una Pokeball a las: java.text.SimpleDateFormat@cb721960 2023-05-20 00:59:12
Has capturado un Pokemon: java.text.SimpleDateFormat@cb721960 2023-05-20 00:59:12
Has guardado un mote a tu pokemon: java.text.SimpleDateFormat@cb721960 2023-05-20 00:59:13
Has buscado un Pokemon a: java.text.SimpleDateFormat@cb721960 2023-05-20 00:59:14
Has buscado un Pokemon a: java.text.SimpleDateFormat@cb721960 2023-05-20 00:59:14
Has lanzado una Pokeball a las: java.text.SimpleDateFormat@cb721960 2023-05-20 00:59:15
Has capturado un Pokemon: java.text.SimpleDateFormat@cb721960 2023-05-20 00:59:15
Has guardado un mote a tu pokemon: java.text.SimpleDateFormat@cb721960 2023-05-20 00:59:16
Has buscado un Pokemon a: java.text.SimpleDateFormat@cb721960 2023-05-20 00:59:16
Has lanzado una Pokeball a las: java.text.SimpleDateFormat@cb721960 2023-05-20 00:59:17
Has lanzado una Pokeball a las: java.text.SimpleDateFormat@cb721960 2023-05-20 00:59:19
Has capturado un Pokemon: java.text.SimpleDateFormat@cb721960 2023-05-20 00:59:19
Has guardado un mote a tu pokemon: java.text.SimpleDateFormat@cb721960 2023-05-20 00:59:21
Has vuelto al menú: java.text.SimpleDateFormat@cb721960 2023-05-20 00:59:23
Has entrado a captura a: java.text.SimpleDateFormat@cb721960 2023-05-20 00:59:42
Has buscado un Pokemon a: java.text.SimpleDateFormat@cb721960 2023-05-20 00:59:42
Has buscado un Pokemon a: java.text.SimpleDateFormat@cb721960 2023-05-20 00:59:43
Has buscado un Pokemon a: java.text.SimpleDateFormat@cb721960 2023-05-20 00:59:43
Has lanzado una Pokeball a las: java.text.SimpleDateFormat@cb721960 2023-05-20 00:59:43
Has lanzado una Pokeball a las: java.text.SimpleDateFormat@cb721960 2023-05-20 00:59:44
Has lanzado una Pokeball a las: java.text.SimpleDateFormat@cb721960 2023-05-20 00:59:45
Has lanzado una Pokeball a las: java.text.SimpleDateFormat@cb721960 2023-05-20 00:59:46
Has capturado un Pokemon: java.text.SimpleDateFormat@cb721960 2023-05-20 00:59:46
Has guardado un mote a tu pokemon: java.text.SimpleDateFormat@cb721960 2023-05-20 00:59:49
Has buscado un Pokemon a: java.text.SimpleDateFormat@cb721960 2023-05-20 00:59:49
Has lanzado una Pokeball a las: java.text.SimpleDateFormat@cb721960 2023-05-20 00:59:50
Has capturado un Pokemon: java.text.SimpleDateFormat@cb721960 2023-05-20 00:59:50
Has guardado un mote a tu pokemon: java.text.SimpleDateFormat@cb721960 2023-05-20 00:59:51
Has buscado un Pokemon a: java.text.SimpleDateFormat@cb721960 2023-05-20 00:59:52
Has lanzado una Pokeball a las: java.text.SimpleDateFormat@cb721960 2023-05-20 00:59:52
Has lanzado una Pokeball a las: java.text.SimpleDateFormat@cb721960 2023-05-20 00:59:53
Has capturado un Pokemon: java.text.SimpleDateFormat@cb721960 2023-05-20 00:59:53
Has guardado un mote a tu pokemon: java.text.SimpleDateFormat@cb721960 2023-05-20 00:59:55
Has buscado un Pokemon a: java.text.SimpleDateFormat@cb721960 2023-05-20 00:59:56
Has lanzado una Pokeball a las: java.text.SimpleDateFormat@cb721960 2023-05-20 00:59:56
Has capturado un Pokemon: java.text.SimpleDateFormat@cb721960 2023-05-20 00:59:56
Has guardado un mote a tu pokemon: java.text.SimpleDateFormat@cb721960 2023-05-20 00:59:57
Has buscado un Pokemon a: java.text.SimpleDateFormat@cb721960 2023-05-20 00:59:58
Has entrado a captura a: java.text.SimpleDateFormat@cb721960 2023-05-20 01:02:00
Has buscado un Pokemon a: java.text.SimpleDateFormat@cb721960 2023-05-20 01:02:01
Has lanzado una Pokeball a las: java.text.SimpleDateFormat@cb721960 2023-05-20 01:02:01
Has capturado un Pokemon: java.text.SimpleDateFormat@cb721960 2023-05-20 01:02:01
Has guardado un mote a tu pokemon: java.text.SimpleDateFormat@cb721960 2023-05-20 01:02:07
Has vuelto al menú: java.text.SimpleDateFormat@cb721960 2023-05-20 01:02:08
Has entrado a captura a: java.text.SimpleDateFormat@cb721960 2023-05-20 01:14:48
Has buscado un Pokemon a: java.text.SimpleDateFormat@cb721960 2023-05-20 01:14:49
Has lanzado una Pokeball a las: java.text.SimpleDateFormat@cb721960 2023-05-20 01:14:49
Has lanzado una Pokeball a las: java.text.SimpleDateFormat@cb721960 2023-05-20 01:14:51
Has capturado un Pokemon: java.text.SimpleDateFormat@cb721960 2023-05-20 01:14:51
Has guardado un mote a tu pokemon: java.text.SimpleDateFormat@cb721960 2023-05-20 01:14:54
Has vuelto al menú: java.text.SimpleDateFormat@cb721960 2023-05-20 01:14:55
Has entrado a captura a: java.text.SimpleDateFormat@cb721960 2023-05-20 01:52:10
Has buscado un Pokemon a: java.text.SimpleDateFormat@cb721960 2023-05-20 01:52:13
Has buscado un Pokemon a: java.text.SimpleDateFormat@cb721960 2023-05-20 01:52:14
Has buscado un Pokemon a: java.text.SimpleDateFormat@cb721960 2023-05-20 01:52:14
Has buscado un Pokemon a: java.text.SimpleDateFormat@cb721960 2023-05-20 01:52:15
Has lanzado una Pokeball a las: java.text.SimpleDateFormat@cb721960 2023-05-20 01:52:21
Has capturado un Pokemon: java.text.SimpleDateFormat@cb721960 2023-05-20 01:52:21
Has guardado un mote a tu pokemon: java.text.SimpleDateFormat@cb721960 2023-05-20 01:52:33
Has vuelto al menú: java.text.SimpleDateFormat@cb721960 2023-05-20 01:54:19
Has entrado a captura a: java.text.SimpleDateFormat@cb721960 2023-05-20 02:03:30
Has buscado un Pokemon a: java.text.SimpleDateFormat@cb721960 2023-05-20 02:03:31
Has lanzado una Pokeball a las: java.text.SimpleDateFormat@cb721960 2023-05-20 02:03:34
Has lanzado una Pokeball a las: java.text.SimpleDateFormat@cb721960 2023-05-20 02:03:35
Has lanzado una Pokeball a las: java.text.SimpleDateFormat@cb721960 2023-05-20 02:03:36
Has capturado un Pokemon: java.text.SimpleDateFormat@cb721960 2023-05-20 02:03:36
Has vuelto al menú: java.text.SimpleDateFormat@cb721960 2023-05-20 02:03:47
